<?xml version="1.0" encoding="UTF-8"?>
<testsuite xmlns:xsi="http://www.w3.org/2001/XMLSchema-instance" xsi:noNamespaceSchemaLocation="https://maven.apache.org/surefire/maven-surefire-plugin/xsd/surefire-test-report-3.0.xsd" version="3.0" name="com.genomics.dedup.engine.Phase1WalkerTest" time="0.056" tests="13" errors="0" skipped="0" failures="0">
  <properties>
[...]
</properties>
  <testcase name="run_unsupportedFilesIgnored(Path)" classname="com.genomics.dedup.engine.Phase1WalkerTest" time="0.008">
    <system-out><![CDATA[16:13:12.893 [main] INFO com.genomics.dedup.engine.Phase1Walker -- Phase 1a: Walking /var/folders/91/2bq_8qmn5hn5jfwxpv924whw0000gn/T/junit7895679055474064576/vcf
16:13:12.893 [main] INFO com.genomics.dedup.engine.Phase1Walker -- Phase 1a: 0 files found
16:13:12.893 [main] INFO com.genomics.dedup.engine.Phase1Walker -- Phase 1b: Sorting by size...
16:13:12.894 [main] INFO com.genomics.dedup.engine.ExternalSorter -- External sort: phase1_walk.tmp (field=1, numeric=true, mem=512MB)
16:13:12.899 [main] INFO com.genomics.dedup.engine.ExternalSorter -- Sort complete: phase1_walk.tmp
16:13:12.899 [main] INFO com.genomics.dedup.engine.Phase1Walker -- Phase 1c: Filtering unique sizes, writing checkpoint...
16:13:12.899 [main] INFO com.genomics.dedup.engine.Phase1Walker -- Phase 1: 0 candidates (0 skipped unique-size)
]]></system-out>
  </testcase>
  <testcase name="run_allUniqueSizes_noCheckpointEntries(Path)" classname="com.genomics.dedup.engine.Phase1WalkerTest" time="0.005">
    <system-out><![CDATA[16:13:12.901 [main] INFO com.genomics.dedup.engine.Phase1Walker -- Phase 1a: Walking /var/folders/91/2bq_8qmn5hn5jfwxpv924whw0000gn/T/junit16534942498262742149/vcf
16:13:12.902 [main] INFO com.genomics.dedup.engine.Phase1Walker -- Phase 1a: 3 files found
16:13:12.902 [main] INFO com.genomics.dedup.engine.Phase1Walker -- Phase 1b: Sorting by size...
16:13:12.902 [main] INFO com.genomics.dedup.engine.ExternalSorter -- External sort: phase1_walk.tmp (field=1, numeric=true, mem=512MB)
16:13:12.905 [main] INFO com.genomics.dedup.engine.ExternalSorter -- Sort complete: phase1_walk.tmp
16:13:12.905 [main] INFO com.genomics.dedup.engine.Phase1Walker -- Phase 1c: Filtering unique sizes, writing checkpoint...
16:13:12.905 [main] INFO com.genomics.dedup.engine.Phase1Walker -- Phase 1: 0 candidates (3 skipped unique-size)
]]></system-out>
  </testcase>
  <testcase name="run_recursiveSubdirectories_allFound(Path)" classname="com.genomics.dedup.engine.Phase1WalkerTest" time="0.005">
    <system-out><![CDATA[16:13:12.906 [main] INFO com.genomics.dedup.engine.Phase1Walker -- Phase 1a: Walking /var/folders/91/2bq_8qmn5hn5jfwxpv924whw0000gn/T/junit9400196645001349595/vcf
16:13:12.907 [main] INFO com.genomics.dedup.engine.Phase1Walker -- Phase 1a: 2 files found
16:13:12.907 [main] INFO com.genomics.dedup.engine.Phase1Walker -- Phase 1b: Sorting by size...
16:13:12.907 [main] INFO com.genomics.dedup.engine.ExternalSorter -- External sort: phase1_walk.tmp (field=1, numeric=true, mem=512MB)
16:13:12.909 [main] INFO com.genomics.dedup.engine.ExternalSorter -- Sort complete: phase1_walk.tmp
16:13:12.909 [main] INFO com.genomics.dedup.engine.Phase1Walker -- Phase 1c: Filtering unique sizes, writing checkpoint...
16:13:12.910 [main] INFO com.genomics.dedup.engine.Phase1Walker -- Phase 1: 2 candidates (0 skipped unique-size)
]]></system-out>
  </testcase>
  <testcase name="run_mixedSizes_onlyDuplicateSizeGroupsKept(Path)" classname="com.genomics.dedup.engine.Phase1WalkerTest" time="0.005">
    <system-out><![CDATA[16:13:12.911 [main] INFO com.genomics.dedup.engine.Phase1Walker -- Phase 1a: Walking /var/folders/91/2bq_8qmn5hn5jfwxpv924whw0000gn/T/junit11436590922706870525/vcf
16:13:12.911 [main] INFO com.genomics.dedup.engine.Phase1Walker -- Phase 1a: 3 files found
16:13:12.911 [main] INFO com.genomics.dedup.engine.Phase1Walker -- Phase 1b: Sorting by size...
16:13:12.911 [main] INFO com.genomics.dedup.engine.ExternalSorter -- External sort: phase1_walk.tmp (field=1, numeric=true, mem=512MB)
16:13:12.915 [main] INFO com.genomics.dedup.engine.ExternalSorter -- Sort complete: phase1_walk.tmp
16:13:12.915 [main] INFO com.genomics.dedup.engine.Phase1Walker -- Phase 1c: Filtering unique sizes, writing checkpoint...
16:13:12.915 [main] INFO com.genomics.dedup.engine.Phase1Walker -- Phase 1: 2 candidates (1 skipped unique-size)
]]></system-out>
  </testcase>
  <testcase name="streamCandidates_returnsCorrectPaths(Path)" classname="com.genomics.dedup.engine.Phase1WalkerTest" time="0.005">
    <system-out><![CDATA[16:13:12.916 [main] INFO com.genomics.dedup.engine.Phase1Walker -- Phase 1a: Walking /var/folders/91/2bq_8qmn5hn5jfwxpv924whw0000gn/T/junit8369537462752776677/vcf
16:13:12.917 [main] INFO com.genomics.dedup.engine.Phase1Walker -- Phase 1a: 2 files found
16:13:12.917 [main] INFO com.genomics.dedup.engine.Phase1Walker -- Phase 1b: Sorting by size...
16:13:12.917 [main] INFO com.genomics.dedup.engine.ExternalSorter -- External sort: phase1_walk.tmp (field=1, numeric=true, mem=512MB)
16:13:12.919 [main] INFO com.genomics.dedup.engine.ExternalSorter -- Sort complete: phase1_walk.tmp
16:13:12.920 [main] INFO com.genomics.dedup.engine.Phase1Walker -- Phase 1c: Filtering unique sizes, writing checkpoint...
16:13:12.920 [main] INFO com.genomics.dedup.engine.Phase1Walker -- Phase 1: 2 candidates (0 skipped unique-size)
]]></system-out>
  </testcase>
  <testcase name="isSupportedFile_defaultExtensions" classname="com.genomics.dedup.engine.Phase1WalkerTest" time="0.0"/>
  <testcase name="run_vcfGzExtension_detected(Path)" classname="com.genomics.dedup.engine.Phase1WalkerTest" time="0.005">
    <system-out><![CDATA[16:13:12.922 [main] INFO com.genomics.dedup.engine.Phase1Walker -- Phase 1a: Walking /var/folders/91/2bq_8qmn5hn5jfwxpv924whw0000gn/T/junit2604051000482525560/vcf
16:13:12.922 [main] INFO com.genomics.dedup.engine.Phase1Walker -- Phase 1a: 2 files found
16:13:12.922 [main] INFO com.genomics.dedup.engine.Phase1Walker -- Phase 1b: Sorting by size...
16:13:12.922 [main] INFO com.genomics.dedup.engine.ExternalSorter -- External sort: phase1_walk.tmp (field=1, numeric=true, mem=512MB)
16:13:12.925 [main] INFO com.genomics.dedup.engine.ExternalSorter -- Sort complete: phase1_walk.tmp
16:13:12.925 [main] INFO com.genomics.dedup.engine.Phase1Walker -- Phase 1c: Filtering unique sizes, writing checkpoint...
16:13:12.925 [main] INFO com.genomics.dedup.engine.Phase1Walker -- Phase 1: 2 candidates (0 skipped unique-size)
]]></system-out>
  </testcase>
  <testcase name="run_noFiles_producesEmptyCheckpoint(Path)" classname="com.genomics.dedup.engine.Phase1WalkerTest" time="0.004">
    <system-out><![CDATA[16:13:12.926 [main] INFO com.genomics.dedup.engine.Phase1Walker -- Phase 1a: Walking /var/folders/91/2bq_8qmn5hn5jfwxpv924whw0000gn/T/junit9929003120251345491/vcf
16:13:12.926 [main] INFO com.genomics.dedup.engine.Phase1Walker -- Phase 1a: 0 files found
16:13:12.926 [main] INFO com.genomics.dedup.engine.Phase1Walker -- Phase 1b: Sorting by size...
16:13:12.926 [main] INFO com.genomics.dedup.engine.ExternalSorter -- External sort: phase1_walk.tmp (field=1, numeric=true, mem=512MB)
16:13:12.929 [main] INFO com.genomics.dedup.engine.ExternalSorter -- Sort complete: phase1_walk.tmp
16:13:12.929 [main] INFO com.genomics.dedup.engine.Phase1Walker -- Phase 1c: Filtering unique sizes, writing checkpoint...
16:13:12.929 [main] INFO com.genomics.dedup.engine.Phase1Walker -- Phase 1: 0 candidates (0 skipped unique-size)
]]></system-out>
  </testcase>
  <testcase name="checkpointExists_afterRun_returnsTrue(Path)" classname="com.genomics.dedup.engine.Phase1WalkerTest" time="0.005">
    <system-out><![CDATA[16:13:12.931 [main] INFO com.genomics.dedup.engine.Phase1Walker -- Phase 1a: Walking /var/folders/91/2bq_8qmn5hn5jfwxpv924whw0000gn/T/junit5400210776395785756/vcf
16:13:12.931 [main] INFO com.genomics.dedup.engine.Phase1Walker -- Phase 1a: 0 files found
16:13:12.931 [main] INFO com.genomics.dedup.engine.Phase1Walker -- Phase 1b: Sorting by size...
16:13:12.931 [main] INFO com.genomics.dedup.engine.ExternalSorter -- External sort: phase1_walk.tmp (field=1, numeric=true, mem=512MB)
16:13:12.934 [main] INFO com.genomics.dedup.engine.ExternalSorter -- Sort complete: phase1_walk.tmp
16:13:12.934 [main] INFO com.genomics.dedup.engine.Phase1Walker -- Phase 1c: Filtering unique sizes, writing checkpoint...
16:13:12.934 [main] INFO com.genomics.dedup.engine.Phase1Walker -- Phase 1: 0 candidates (0 skipped unique-size)
]]></system-out>
  </testcase>
  <testcase name="checkpointExists_beforeRun_returnsFalse" classname="com.genomics.dedup.engine.Phase1WalkerTest" time="0.0"/>
  <testcase name="run_twoFilesWithSameSize_bothInCheckpoint(Path)" classname="com.genomics.dedup.engine.Phase1WalkerTest" time="0.005">
    <system-out><![CDATA[16:13:12.936 [main] INFO com.genomics.dedup.engine.Phase1Walker -- Phase 1a: Walking /var/folders/91/2bq_8qmn5hn5jfwxpv924whw0000gn/T/junit8517547134842163198/vcf
16:13:12.936 [main] INFO com.genomics.dedup.engine.Phase1Walker -- Phase 1a: 2 files found
16:13:12.936 [main] INFO com.genomics.dedup.engine.Phase1Walker -- Phase 1b: Sorting by size...
16:13:12.936 [main] INFO com.genomics.dedup.engine.ExternalSorter -- External sort: phase1_walk.tmp (field=1, numeric=true, mem=512MB)
16:13:12.939 [main] INFO com.genomics.dedup.engine.ExternalSorter -- Sort complete: phase1_walk.tmp
16:13:12.939 [main] INFO com.genomics.dedup.engine.Phase1Walker -- Phase 1c: Filtering unique sizes, writing checkpoint...
16:13:12.939 [main] INFO com.genomics.dedup.engine.Phase1Walker -- Phase 1: 2 candidates (0 skipped unique-size)
]]></system-out>
  </testcase>
  <testcase name="run_threeFilesWithSameSize_allInCheckpoint(Path)" classname="com.genomics.dedup.engine.Phase1WalkerTest" time="0.004">
    <system-out><![CDATA[16:13:12.940 [main] INFO com.genomics.dedup.engine.Phase1Walker -- Phase 1a: Walking /var/folders/91/2bq_8qmn5hn5jfwxpv924whw0000gn/T/junit10877868511469232640/vcf
16:13:12.940 [main] INFO com.genomics.dedup.engine.Phase1Walker -- Phase 1a: 3 files found
16:13:12.940 [main] INFO com.genomics.dedup.engine.Phase1Walker -- Phase 1b: Sorting by size...
16:13:12.940 [main] INFO com.genomics.dedup.engine.ExternalSorter -- External sort: phase1_walk.tmp (field=1, numeric=true, mem=512MB)
16:13:12.943 [main] INFO com.genomics.dedup.engine.ExternalSorter -- Sort complete: phase1_walk.tmp
16:13:12.943 [main] INFO com.genomics.dedup.engine.Phase1Walker -- Phase 1c: Filtering unique sizes, writing checkpoint...
16:13:12.943 [main] INFO com.genomics.dedup.engine.Phase1Walker -- Phase 1: 3 candidates (0 skipped unique-size)
]]></system-out>
  </testcase>
  <testcase name="deleteCheckpoint_removesFile(Path)" classname="com.genomics.dedup.engine.Phase1WalkerTest" time="0.004">
    <system-out><![CDATA[16:13:12.944 [main] INFO com.genomics.dedup.engine.Phase1Walker -- Phase 1a: Walking /var/folders/91/2bq_8qmn5hn5jfwxpv924whw0000gn/T/junit12078732360236440971/vcf
16:13:12.944 [main] INFO com.genomics.dedup.engine.Phase1Walker -- Phase 1a: 0 files found
16:13:12.944 [main] INFO com.genomics.dedup.engine.Phase1Walker -- Phase 1b: Sorting by size...
16:13:12.944 [main] INFO com.genomics.dedup.engine.ExternalSorter -- External sort: phase1_walk.tmp (field=1, numeric=true, mem=512MB)
16:13:12.947 [main] INFO com.genomics.dedup.engine.ExternalSorter -- Sort complete: phase1_walk.tmp
16:13:12.947 [main] INFO com.genomics.dedup.engine.Phase1Walker -- Phase 1c: Filtering unique sizes, writing checkpoint...
16:13:12.947 [main] INFO com.genomics.dedup.engine.Phase1Walker -- Phase 1: 0 candidates (0 skipped unique-size)
16:13:12.947 [main] INFO com.genomics.dedup.engine.Phase1Walker -- Phase 1 checkpoint deleted
]]></system-out>
  </testcase>
</testsuite>