<?xml version="1.0" encoding="UTF-8"?>
<testsuite xmlns:xsi="http://www.w3.org/2001/XMLSchema-instance" xsi:noNamespaceSchemaLocation="https://maven.apache.org/surefire/maven-surefire-plugin/xsd/surefire-test-report-3.0.xsd" version="3.0" name="com.genomics.dedup.hash.FileHasherTest" time="0.025" tests="10" errors="0" skipped="0" failures="0">
  <properties>
[...]
</properties>
  <testcase name="sha256_missingFile_throwsIOException(Path)" classname="com.genomics.dedup.hash.FileHasherTest" time="0.001"/>
  <testcase name="toHex_allFF_returnsFFString" classname="com.genomics.dedup.hash.FileHasherTest" time="0.001"/>
  <testcase name="sha256_emptyFile_returnsKnownHash(Path)" classname="com.genomics.dedup.hash.FileHasherTest" time="0.001"/>
  <testcase name="sha256_largeFile_chunkedReadSucceeds(Path)" classname="com.genomics.dedup.hash.FileHasherTest" time="0.017"/>
  <testcase name="sha256_returnsLowercase64CharHex(Path)" classname="com.genomics.dedup.hash.FileHasherTest" time="0.0"/>
  <testcase name="toHex_allZeros_returnsZeroString" classname="com.genomics.dedup.hash.FileHasherTest" time="0.0"/>
  <testcase name="sha256_differentContent_differentHash(Path)" classname="com.genomics.dedup.hash.FileHasherTest" time="0.001"/>
  <testcase name="constructor_bufferTooSmall_throws" classname="com.genomics.dedup.hash.FileHasherTest" time="0.0"/>
  <testcase name="sha256_identicalContent_sameHash(Path)" classname="com.genomics.dedup.hash.FileHasherTest" time="0.001"/>
  <testcase name="sha256_knownContent_returnsCorrectHash(Path)" classname="com.genomics.dedup.hash.FileHasherTest" time="0.001"/>
</testsuite>